<?xml version="1.0" encoding="UTF-8"?>
<!-- Generated by org.testng.reporters.JUnitReportReporter -->
<testsuite hostname="MSI" failures="0" tests="6" name="testCases.TC003_LoginDDT" time="55.419" errors="0" timestamp="2024-08-18T14:00:47 IST" skipped="0">
  <testcase classname="testCases.TC003_LoginDDT" name="verify_loginDDT" time="1.819"/>
  <testcase classname="testCases.TC003_LoginDDT" name="verify_loginDDT" time="11.514"/>
  <testcase classname="testCases.TC003_LoginDDT" name="verify_loginDDT" time="13.440"/>
  <testcase classname="testCases.TC003_LoginDDT" name="verify_loginDDT" time="4.708"/>
  <testcase classname="testCases.TC003_LoginDDT" name="verify_loginDDT" time="11.208"/>
  <testcase classname="testCases.TC003_LoginDDT" name="verify_loginDDT" time="12.730"/>
</testsuite> <!-- testCases.TC003_LoginDDT -->
