<?xml version="1.0" encoding="UTF-8"?>
<!-- Generated by org.testng.reporters.JUnitReportReporter -->
<testsuite hostname="MSI" failures="0" tests="1" name="pomDemo.LoginTest" time="2.882" errors="0" timestamp="2024-08-14T11:44:10 IST" skipped="0">
  <testcase classname="pomDemo.LoginTest" name="testLogin" time="2.882"/>
</testsuite> <!-- pomDemo.LoginTest -->
