<?xml version="1.0" encoding="UTF-8"?>
<!-- Generated by org.testng.reporters.JUnitReportReporter -->
<testsuite hostname="MSI" failures="0" tests="1" name="testCases.TC001_AccountRegistionTest" time="3.677" errors="0" timestamp="2024-08-28T12:04:19 IST" skipped="0">
  <testcase classname="testCases.TC001_AccountRegistionTest" name="verify_account_registration" time="3.677"/>
</testsuite> <!-- testCases.TC001_AccountRegistionTest -->
